<?xml version="1.0" encoding="UTF-8"?>
<!-- Generated by org.testng.reporters.JUnitReportReporter -->
<testsuite hostname="IBM-PF367SN3" failures="0" tests="2" name="testng_testcases.Autos" time="42.877" errors="0" timestamp="2024-07-03T18:01:50 IST" skipped="0">
  <testcase classname="testng_testcases.Autos" name="scenario1" time="25.010"/>
  <testcase classname="testng_testcases.Autos" name="scenario1" time="17.867"/>
</testsuite> <!-- testng_testcases.Autos -->
