<?xml version="1.0" encoding="UTF-8"?>
<!-- Generated by org.testng.reporters.JUnitReportReporter -->
<testsuite hostname="IBM-PF367SN3" failures="0" tests="2" name="testng_testcases.TestCase2" time="25.559" errors="0" timestamp="2024-07-02T18:49:16 IST" skipped="0">
  <testcase classname="testng_testcases.TestCase2" name="searching_on_amazon" time="16.253"/>
  <testcase classname="testng_testcases.TestCase2" name="searching_on_amazon" time="9.306"/>
</testsuite> <!-- testng_testcases.TestCase2 -->
